Using pre-set license
Built from '2020.3/staging' branch; Version is '2020.3.9f1 (108be757e447) revision 1084391'; Using compiler version '192528614'; Build Type 'Release'
OS: 'Windows 10 Pro; OS build 19042.985; Version 2009; 64bit' Language: 'en' Physical Memory: 8115 MB
BatchMode: 1, IsHumanControllingUs: 0, StartBugReporterOnCrash: 0, Is64bit: 1, IsPro: 0

 COMMAND LINE ARGUMENTS:
C:\Program Files\Unity\Hub\Editor\2020.3.9f1\Editor\Unity.exe
-adb2
-batchMode
-noUpm
-name
AssetImportWorker0
-projectPath
C:/Users/Ernesto/Unity Projects/Papalote
-logFile
Logs/AssetImportWorker0.log
-srvPort
55511
Successfully changed project path to: C:/Users/Ernesto/Unity Projects/Papalote
C:/Users/Ernesto/Unity Projects/Papalote
Using Asset Import Pipeline V2.
Refreshing native plugins compatible for Editor in 51.54 ms, found 1 plugins.
Preloading 0 native plugins for Editor in 0.00 ms.
Initialize engine version: 2020.3.9f1 (108be757e447)
[Subsystems] Discovering subsystems at path C:/Program Files/Unity/Hub/Editor/2020.3.9f1/Editor/Data/Resources/UnitySubsystems
[Subsystems] Discovering subsystems at path C:/Users/Ernesto/Unity Projects/Papalote/Assets
GfxDevice: creating device client; threaded=0
Direct3D:
    Version:  Direct3D 11.0 [level 11.1]
    Renderer: NVIDIA GeForce GTX 1050 Ti (ID=0x1c82)
    Vendor:   
    VRAM:     4018 MB
    Driver:   27.21.14.6647
Initialize mono
Mono path[0] = 'C:/Program Files/Unity/Hub/Editor/2020.3.9f1/Editor/Data/Managed'
Mono path[1] = 'C:/Program Files/Unity/Hub/Editor/2020.3.9f1/Editor/Data/MonoBleedingEdge/lib/mono/unityjit'
Mono config path = 'C:/Program Files/Unity/Hub/Editor/2020.3.9f1/Editor/Data/MonoBleedingEdge/etc'
Using monoOptions --debugger-agent=transport=dt_socket,embedding=1,server=y,suspend=n,address=127.0.0.1:56436
Begin MonoManager ReloadAssembly
Registering precompiled unity dll's ...
Register platform support module: C:/Program Files/Unity/Hub/Editor/2020.3.9f1/Editor/Data/PlaybackEngines/WebGLSupport/UnityEditor.WebGL.Extensions.dll
Register platform support module: C:/Program Files/Unity/Hub/Editor/2020.3.9f1/Editor/Data/PlaybackEngines/MacStandaloneSupport/UnityEditor.OSXStandalone.Extensions.dll
Register platform support module: C:/Program Files/Unity/Hub/Editor/2020.3.9f1/Editor/Data/PlaybackEngines/WindowsStandaloneSupport/UnityEditor.WindowsStandalone.Extensions.dll
Registered in 0.003838 seconds.
Native extension for WindowsStandalone target not found
Native extension for OSXStandalone target not found
Native extension for WebGL target not found
Refreshing native plugins compatible for Editor in 51.14 ms, found 1 plugins.
Preloading 0 native plugins for Editor in 0.00 ms.
Mono: successfully reloaded assembly
- Completed reload, in  1.677 seconds
Platform modules already initialized, skipping
Registering precompiled user dll's ...
Registered in 0.001832 seconds.
Begin MonoManager ReloadAssembly
Native extension for WindowsStandalone target not found
Native extension for OSXStandalone target not found
Native extension for WebGL target not found
Refreshing native plugins compatible for Editor in 51.18 ms, found 1 plugins.
Preloading 0 native plugins for Editor in 0.00 ms.
Mono: successfully reloaded assembly
- Completed reload, in  1.253 seconds
Platform modules already initialized, skipping
========================================================================
Worker process is ready to serve import requests
Launched and connected shader compiler UnityShaderCompiler.exe after 0.07 seconds
Refreshing native plugins compatible for Editor in 0.45 ms, found 1 plugins.
Preloading 0 native plugins for Editor in 0.00 ms.
Unloading 1856 Unused Serialized files (Serialized files now loaded: 0)
System memory in use before: 86.5 MB.
System memory in use after: 86.4 MB.

Unloading 25 unused Assets to reduce memory usage. Loaded Objects now: 2299.
Total: 2.384400 ms (FindLiveObjects: 0.189900 ms CreateObjectMapping: 0.077400 ms MarkObjects: 1.949800 ms  DeleteObjects: 0.165600 ms)

========================================================================
Received Import Request.
  path: Assets/Sprites/bird.png
  artifactKey: Guid(a7169088b77b01e4082247a6bb28d232) Importer(815301076,1909f56bfc062723c751e8b465ee728b)
Start importing Assets/Sprites/bird.png using Guid(a7169088b77b01e4082247a6bb28d232) Importer(815301076,1909f56bfc062723c751e8b465ee728b)  -> (artifact id: '3b8e3bac6f5c6eb48d34cecf07f14557') in 0.147221 seconds
  Import took 0.151127 seconds .

========================================================================
Received Import Request.
  Time since last request: 171.179854 seconds.
  path: Assets/Sprites/bird.png
  artifactKey: Guid(a7169088b77b01e4082247a6bb28d232) Importer(815301076,1909f56bfc062723c751e8b465ee728b)
Start importing Assets/Sprites/bird.png using Guid(a7169088b77b01e4082247a6bb28d232) Importer(815301076,1909f56bfc062723c751e8b465ee728b)  -> (artifact id: '2e6224358af4f722dfc545c28154bce2') in 0.117416 seconds
  Import took 0.122142 seconds .

========================================================================
Received Import Request.
  Time since last request: 60.630966 seconds.
  path: Assets/Sprites/New Animation.anim
  artifactKey: Guid(279d115e8555b514eb179d81282647c9) Importer(815301076,1909f56bfc062723c751e8b465ee728b)
Start importing Assets/Sprites/New Animation.anim using Guid(279d115e8555b514eb179d81282647c9) Importer(815301076,1909f56bfc062723c751e8b465ee728b)  -> (artifact id: '268dae27da6c43f0854e3b3564f1c314') in 0.021690 seconds
  Import took 0.025578 seconds .

========================================================================
Received Import Request.
  Time since last request: 0.004136 seconds.
  path: Assets/Sprites/New Animation.anim
  artifactKey: Guid(279d115e8555b514eb179d81282647c9) Importer(815301076,1909f56bfc062723c751e8b465ee728b)
Start importing Assets/Sprites/New Animation.anim using Guid(279d115e8555b514eb179d81282647c9) Importer(815301076,1909f56bfc062723c751e8b465ee728b)  -> (artifact id: '268dae27da6c43f0854e3b3564f1c314') in 0.010212 seconds
  Import took 0.013752 seconds .

========================================================================
Received Import Request.
  Time since last request: 307.578360 seconds.
  path: Assets/Sprites/New Animator Controller.controller
  artifactKey: Guid(b3e769d62b84e654bbc59da9db863edc) Importer(815301076,1909f56bfc062723c751e8b465ee728b)
Start importing Assets/Sprites/New Animator Controller.controller using Guid(b3e769d62b84e654bbc59da9db863edc) Importer(815301076,1909f56bfc062723c751e8b465ee728b)  -> (artifact id: '75c6a32a34ec0ae9151ac769d465ab0d') in 0.017278 seconds
  Import took 0.021757 seconds .

========================================================================
Received Import Request.
  Time since last request: 13.547097 seconds.
  path: Assets/Sprites/BirdAC.controller
  artifactKey: Guid(b3e769d62b84e654bbc59da9db863edc) Importer(815301076,1909f56bfc062723c751e8b465ee728b)
Start importing Assets/Sprites/BirdAC.controller using Guid(b3e769d62b84e654bbc59da9db863edc) Importer(815301076,1909f56bfc062723c751e8b465ee728b)  -> (artifact id: 'f9d9933d4db0b06bc210d104917fb445') in 0.012726 seconds
  Import took 0.016441 seconds .

========================================================================
Received Import Request.
  Time since last request: 11.729730 seconds.
  path: Assets/Sprites/BirdAnimation.anim
  artifactKey: Guid(d54a924ad0e3f754c86fc0f1098a942a) Importer(815301076,1909f56bfc062723c751e8b465ee728b)
Start importing Assets/Sprites/BirdAnimation.anim using Guid(d54a924ad0e3f754c86fc0f1098a942a) Importer(815301076,1909f56bfc062723c751e8b465ee728b)  -> (artifact id: '2cb33681b9c54ce079819ed0028a2aec') in 0.011574 seconds
  Import took 0.016761 seconds .

========================================================================
Received Import Request.
  Time since last request: 8.153184 seconds.
  path: Assets/Sprites/Bird Animation.anim
  artifactKey: Guid(d54a924ad0e3f754c86fc0f1098a942a) Importer(815301076,1909f56bfc062723c751e8b465ee728b)
Start importing Assets/Sprites/Bird Animation.anim using Guid(d54a924ad0e3f754c86fc0f1098a942a) Importer(815301076,1909f56bfc062723c751e8b465ee728b)  -> (artifact id: '5e438a52416b6a9832b18dc48eecc334') in 0.014283 seconds
  Import took 0.026720 seconds .

========================================================================
Received Import Request.
  Time since last request: 10.136601 seconds.
  path: Assets/Sprites/Bird AC.controller
  artifactKey: Guid(b3e769d62b84e654bbc59da9db863edc) Importer(815301076,1909f56bfc062723c751e8b465ee728b)
Start importing Assets/Sprites/Bird AC.controller using Guid(b3e769d62b84e654bbc59da9db863edc) Importer(815301076,1909f56bfc062723c751e8b465ee728b)  -> (artifact id: 'f0e8b5a6423eee3db6a66bc1b88a369a') in 0.015376 seconds
  Import took 0.019476 seconds .

========================================================================
Received Import Request.
  Time since last request: 55.141405 seconds.
  path: Assets/Prefabs/Bird.prefab
  artifactKey: Guid(30ae4a236ee4d1840b237137484870b8) Importer(815301076,1909f56bfc062723c751e8b465ee728b)
Start importing Assets/Prefabs/Bird.prefab using Guid(30ae4a236ee4d1840b237137484870b8) Importer(815301076,1909f56bfc062723c751e8b465ee728b)  -> (artifact id: 'a5a2900d6b5d9b6dbca6f28e2f6532a0') in 0.086998 seconds
  Import took 0.092675 seconds .

========================================================================
Received Import Request.
  Time since last request: 51.593519 seconds.
  path: Assets/Sprites/Bird AC.controller
  artifactKey: Guid(b3e769d62b84e654bbc59da9db863edc) Importer(815301076,1909f56bfc062723c751e8b465ee728b)
Start importing Assets/Sprites/Bird AC.controller using Guid(b3e769d62b84e654bbc59da9db863edc) Importer(815301076,1909f56bfc062723c751e8b465ee728b)  -> (artifact id: 'bfb7836d698cba1a8e7b2c9f72167790') in 0.011925 seconds
  Import took 0.016144 seconds .

========================================================================
Received Import Request.
  Time since last request: 43.297798 seconds.
  path: Assets/Prefabs/Bird.prefab
  artifactKey: Guid(30ae4a236ee4d1840b237137484870b8) Importer(815301076,1909f56bfc062723c751e8b465ee728b)
Start importing Assets/Prefabs/Bird.prefab using Guid(30ae4a236ee4d1840b237137484870b8) Importer(815301076,1909f56bfc062723c751e8b465ee728b)  -> (artifact id: '6940e2ce3f2d2bb8b326164b8168af99') in 0.028107 seconds
  Import took 0.032478 seconds .

========================================================================
Received Import Request.
  Time since last request: 0.012227 seconds.
  path: Assets/Prefabs/Bird.prefab
  artifactKey: Guid(30ae4a236ee4d1840b237137484870b8) Importer(815301076,1909f56bfc062723c751e8b465ee728b)
Start importing Assets/Prefabs/Bird.prefab using Guid(30ae4a236ee4d1840b237137484870b8) Importer(815301076,1909f56bfc062723c751e8b465ee728b)  -> (artifact id: '6940e2ce3f2d2bb8b326164b8168af99') in 0.024966 seconds
  Import took 0.029781 seconds .

========================================================================
Received Import Request.
  Time since last request: 3.293576 seconds.
  path: Assets/Prefabs/Bird.prefab
  artifactKey: Guid(30ae4a236ee4d1840b237137484870b8) Importer(815301076,1909f56bfc062723c751e8b465ee728b)
Start importing Assets/Prefabs/Bird.prefab using Guid(30ae4a236ee4d1840b237137484870b8) Importer(815301076,1909f56bfc062723c751e8b465ee728b)  -> (artifact id: '6c7718e604a12431364d9462035b7aa3') in 0.031785 seconds
  Import took 0.035955 seconds .

========================================================================
Received Import Request.
  Time since last request: 0.013463 seconds.
  path: Assets/Prefabs/Bird.prefab
  artifactKey: Guid(30ae4a236ee4d1840b237137484870b8) Importer(815301076,1909f56bfc062723c751e8b465ee728b)
Start importing Assets/Prefabs/Bird.prefab using Guid(30ae4a236ee4d1840b237137484870b8) Importer(815301076,1909f56bfc062723c751e8b465ee728b)  -> (artifact id: '6c7718e604a12431364d9462035b7aa3') in 0.019218 seconds
  Import took 0.023080 seconds .

========================================================================
Received Import Request.
  Time since last request: 91.905231 seconds.
  path: Assets/Sprites/bird.png
  artifactKey: Guid(a7169088b77b01e4082247a6bb28d232) Importer(815301076,1909f56bfc062723c751e8b465ee728b)
Start importing Assets/Sprites/bird.png using Guid(a7169088b77b01e4082247a6bb28d232) Importer(815301076,1909f56bfc062723c751e8b465ee728b)  -> (artifact id: '7865446ad4840b3396a509bb35b1c5ec') in 0.075712 seconds
  Import took 0.079898 seconds .

========================================================================
Received Prepare
Registering precompiled user dll's ...
Registered in 0.002448 seconds.
Begin MonoManager ReloadAssembly
Native extension for WindowsStandalone target not found
Native extension for OSXStandalone target not found
Native extension for WebGL target not found
Refreshing native plugins compatible for Editor in 0.50 ms, found 1 plugins.
Preloading 0 native plugins for Editor in 0.00 ms.
Mono: successfully reloaded assembly
- Completed reload, in  1.377 seconds
Platform modules already initialized, skipping
Refreshing native plugins compatible for Editor in 0.50 ms, found 1 plugins.
Preloading 0 native plugins for Editor in 0.00 ms.
Unloading 1851 Unused Serialized files (Serialized files now loaded: 0)
System memory in use before: 89.6 MB.
System memory in use after: 89.5 MB.

Unloading 13 unused Assets to reduce memory usage. Loaded Objects now: 2331.
Total: 2.856700 ms (FindLiveObjects: 0.261500 ms CreateObjectMapping: 0.079900 ms MarkObjects: 2.365000 ms  DeleteObjects: 0.148400 ms)

========================================================================
Received Import Request.
  Time since last request: 435.967547 seconds.
  path: Assets/Sprites/Bird Animation.anim
  artifactKey: Guid(d54a924ad0e3f754c86fc0f1098a942a) Importer(815301076,1909f56bfc062723c751e8b465ee728b)
Start importing Assets/Sprites/Bird Animation.anim using Guid(d54a924ad0e3f754c86fc0f1098a942a) Importer(815301076,1909f56bfc062723c751e8b465ee728b)  -> (artifact id: 'fbb730f6a5589cc8a7fe199cde799b83') in 0.023182 seconds
  Import took 0.042326 seconds .

========================================================================
Received Import Request.
  Time since last request: 198.536687 seconds.
  path: Assets/Prefabs/Bird.prefab
  artifactKey: Guid(30ae4a236ee4d1840b237137484870b8) Importer(815301076,1909f56bfc062723c751e8b465ee728b)
Start importing Assets/Prefabs/Bird.prefab using Guid(30ae4a236ee4d1840b237137484870b8) Importer(815301076,1909f56bfc062723c751e8b465ee728b)  -> (artifact id: '36108b0b454c1bace8b371877bae1962') in 0.092173 seconds
  Import took 0.097126 seconds .

========================================================================
Received Prepare
Registering precompiled user dll's ...
Registered in 0.002163 seconds.
Begin MonoManager ReloadAssembly
Native extension for WindowsStandalone target not found
Native extension for OSXStandalone target not found
Native extension for WebGL target not found
Refreshing native plugins compatible for Editor in 0.47 ms, found 1 plugins.
Preloading 0 native plugins for Editor in 0.00 ms.
Mono: successfully reloaded assembly
- Completed reload, in  1.181 seconds
Platform modules already initialized, skipping
Refreshing native plugins compatible for Editor in 0.46 ms, found 1 plugins.
Preloading 0 native plugins for Editor in 0.00 ms.
Unloading 1851 Unused Serialized files (Serialized files now loaded: 0)
System memory in use before: 89.6 MB.
System memory in use after: 89.6 MB.

Unloading 13 unused Assets to reduce memory usage. Loaded Objects now: 2336.
Total: 2.553300 ms (FindLiveObjects: 0.189500 ms CreateObjectMapping: 0.078800 ms MarkObjects: 2.144700 ms  DeleteObjects: 0.138600 ms)

========================================================================
Received Import Request.
  Time since last request: 135.809745 seconds.
  path: Assets/Prefabs/Bird.prefab
  artifactKey: Guid(30ae4a236ee4d1840b237137484870b8) Importer(815301076,1909f56bfc062723c751e8b465ee728b)
Start importing Assets/Prefabs/Bird.prefab using Guid(30ae4a236ee4d1840b237137484870b8) Importer(815301076,1909f56bfc062723c751e8b465ee728b)  -> (artifact id: 'aad971905e23d946ee1f49dd27648f7b') in 0.110925 seconds
  Import took 0.116038 seconds .

========================================================================
Received Import Request.
  Time since last request: 5.784991 seconds.
  path: Assets/Prefabs/Bird.prefab
  artifactKey: Guid(30ae4a236ee4d1840b237137484870b8) Importer(815301076,1909f56bfc062723c751e8b465ee728b)
Start importing Assets/Prefabs/Bird.prefab using Guid(30ae4a236ee4d1840b237137484870b8) Importer(815301076,1909f56bfc062723c751e8b465ee728b) The AnimationClip 'Bird Animation' used by the Animation component 'Bird' must be marked as Legacy.

The AnimationClip 'Bird Animation' used by the Animation component 'Bird(Clone)' must be marked as Legacy.
UnityEngine.StackTraceUtility:ExtractStackTrace ()
UnityEditor.EditorUtility:Internal_InstantiateRemoveAllNonAnimationComponentsSingle (UnityEngine.Object,UnityEngine.Vector3,UnityEngine.Quaternion)
UnityEditor.EditorUtility:InstantiateRemoveAllNonAnimationComponents (UnityEngine.Object,UnityEngine.Vector3,UnityEngine.Quaternion)
UnityEditor.EditorUtility:InstantiateForAnimatorPreview (UnityEngine.Object)
UnityEditor.GameObjectInspector/PreviewData:UpdateGameObject (UnityEngine.Object)
UnityEditor.GameObjectInspector/PreviewData:.ctor (UnityEngine.Object)
UnityEditor.GameObjectInspector:GetPreviewData ()
UnityEditor.GameObjectInspector:RenderStaticPreview (string,UnityEngine.Object[],int,int)
UnityEditor.AssetPreviewUpdater:CreatePreviewForAsset (UnityEngine.Object,UnityEngine.Object[],string)

[C:\buildslave\unity\build\Modules/Animation/Animation.cpp line 2050]

The AnimationClip 'Bird Animation' used by the Animation component 'Bird(Clone)AnimatorPreview' must be marked as Legacy.
UnityEngine.StackTraceUtility:ExtractStackTrace ()
UnityEditor.EditorUtility:InitInstantiatedPreviewRecursive (UnityEngine.GameObject)
UnityEditor.EditorUtility:InstantiateForAnimatorPreview (UnityEngine.Object)
UnityEditor.GameObjectInspector/PreviewData:UpdateGameObject (UnityEngine.Object)
UnityEditor.GameObjectInspector/PreviewData:.ctor (UnityEngine.Object)
UnityEditor.GameObjectInspector:GetPreviewData ()
UnityEditor.GameObjectInspector:RenderStaticPreview (string,UnityEngine.Object[],int,int)
UnityEditor.AssetPreviewUpdater:CreatePreviewForAsset (UnityEngine.Object,UnityEngine.Object[],string)

[C:\buildslave\unity\build\Modules/Animation/Animation.cpp line 2050]

 -> (artifact id: 'ebcd4b380036aca750623935d22fe2cf') in 0.050656 seconds
  Import took 0.061002 seconds .

========================================================================
Received Import Request.
  Time since last request: 33.678637 seconds.
  path: Assets/Animator Controllers
  artifactKey: Guid(dfdf9a1b3b556704c8ba1dcaf339e41e) Importer(815301076,1909f56bfc062723c751e8b465ee728b)
Start importing Assets/Animator Controllers using Guid(dfdf9a1b3b556704c8ba1dcaf339e41e) Importer(815301076,1909f56bfc062723c751e8b465ee728b)  -> (artifact id: '69828b2010f0d8293566dd78bc176779') in 0.018914 seconds
  Import took 0.022552 seconds .

========================================================================
Received Import Request.
  Time since last request: 6.782226 seconds.
  path: Assets/Animations
  artifactKey: Guid(08587c8610dba5542856dda5f598c9c3) Importer(815301076,1909f56bfc062723c751e8b465ee728b)
Start importing Assets/Animations using Guid(08587c8610dba5542856dda5f598c9c3) Importer(815301076,1909f56bfc062723c751e8b465ee728b)  -> (artifact id: '5fa442d16492ad6f1741cd449bdfa86b') in 0.015653 seconds
  Import took 0.019684 seconds .

========================================================================
Received Import Request.
  Time since last request: 103.910379 seconds.
  path: Assets/Prefabs/Bird.prefab
  artifactKey: Guid(30ae4a236ee4d1840b237137484870b8) Importer(815301076,1909f56bfc062723c751e8b465ee728b)
Start importing Assets/Prefabs/Bird.prefab using Guid(30ae4a236ee4d1840b237137484870b8) Importer(815301076,1909f56bfc062723c751e8b465ee728b)  -> (artifact id: '8c95f197fe78f38bca32117465f8e60c') in 0.028166 seconds
  Import took 0.032497 seconds .

========================================================================
Received Import Request.
  Time since last request: 0.003625 seconds.
  path: Assets/Prefabs/Bird.prefab
  artifactKey: Guid(30ae4a236ee4d1840b237137484870b8) Importer(815301076,1909f56bfc062723c751e8b465ee728b)
Start importing Assets/Prefabs/Bird.prefab using Guid(30ae4a236ee4d1840b237137484870b8) Importer(815301076,1909f56bfc062723c751e8b465ee728b)  -> (artifact id: '8c95f197fe78f38bca32117465f8e60c') in 0.022145 seconds
  Import took 0.026649 seconds .

========================================================================
Received Import Request.
  Time since last request: 193.070086 seconds.
  path: Assets/Prefabs/Bird.prefab
  artifactKey: Guid(30ae4a236ee4d1840b237137484870b8) Importer(815301076,1909f56bfc062723c751e8b465ee728b)
Start importing Assets/Prefabs/Bird.prefab using Guid(30ae4a236ee4d1840b237137484870b8) Importer(815301076,1909f56bfc062723c751e8b465ee728b)  -> (artifact id: '2d46d22a7a96bb925bd4524b0720a371') in 0.028983 seconds
  Import took 0.034725 seconds .

========================================================================
Received Prepare
Registering precompiled user dll's ...
Registered in 0.001875 seconds.
Begin MonoManager ReloadAssembly
Native extension for WindowsStandalone target not found
Native extension for OSXStandalone target not found
Native extension for WebGL target not found
Refreshing native plugins compatible for Editor in 0.43 ms, found 1 plugins.
Preloading 0 native plugins for Editor in 0.00 ms.
Mono: successfully reloaded assembly
- Completed reload, in  1.139 seconds
Platform modules already initialized, skipping
Refreshing native plugins compatible for Editor in 0.46 ms, found 1 plugins.
Preloading 0 native plugins for Editor in 0.00 ms.
Unloading 1851 Unused Serialized files (Serialized files now loaded: 0)
System memory in use before: 89.8 MB.
System memory in use after: 89.8 MB.

Unloading 13 unused Assets to reduce memory usage. Loaded Objects now: 2341.
Total: 2.445600 ms (FindLiveObjects: 0.218300 ms CreateObjectMapping: 0.099800 ms MarkObjects: 1.987600 ms  DeleteObjects: 0.138600 ms)

========================================================================
Received Prepare
Registering precompiled user dll's ...
Registered in 0.001813 seconds.
Begin MonoManager ReloadAssembly
Native extension for WindowsStandalone target not found
Native extension for OSXStandalone target not found
Native extension for WebGL target not found
Refreshing native plugins compatible for Editor in 0.44 ms, found 1 plugins.
Preloading 0 native plugins for Editor in 0.00 ms.
Mono: successfully reloaded assembly
- Completed reload, in  1.200 seconds
Platform modules already initialized, skipping
Refreshing native plugins compatible for Editor in 0.46 ms, found 1 plugins.
Preloading 0 native plugins for Editor in 0.00 ms.
Unloading 1851 Unused Serialized files (Serialized files now loaded: 0)
System memory in use before: 89.8 MB.
System memory in use after: 89.8 MB.

Unloading 13 unused Assets to reduce memory usage. Loaded Objects now: 2345.
Total: 2.396200 ms (FindLiveObjects: 0.203100 ms CreateObjectMapping: 0.080400 ms MarkObjects: 1.962100 ms  DeleteObjects: 0.148900 ms)

========================================================================
Received Prepare
Registering precompiled user dll's ...
Registered in 0.001825 seconds.
Begin MonoManager ReloadAssembly
Native extension for WindowsStandalone target not found
Native extension for OSXStandalone target not found
Native extension for WebGL target not found
Refreshing native plugins compatible for Editor in 0.46 ms, found 1 plugins.
Preloading 0 native plugins for Editor in 0.00 ms.
Mono: successfully reloaded assembly
- Completed reload, in  1.128 seconds
Platform modules already initialized, skipping
Refreshing native plugins compatible for Editor in 0.45 ms, found 1 plugins.
Preloading 0 native plugins for Editor in 0.00 ms.
Unloading 1851 Unused Serialized files (Serialized files now loaded: 0)
System memory in use before: 89.8 MB.
System memory in use after: 89.8 MB.

Unloading 13 unused Assets to reduce memory usage. Loaded Objects now: 2349.
Total: 2.974200 ms (FindLiveObjects: 0.200600 ms CreateObjectMapping: 0.078200 ms MarkObjects: 2.547200 ms  DeleteObjects: 0.146400 ms)

========================================================================
Received Prepare
Registering precompiled user dll's ...
Registered in 0.001837 seconds.
Begin MonoManager ReloadAssembly
Native extension for WindowsStandalone target not found
Native extension for OSXStandalone target not found
Native extension for WebGL target not found
Refreshing native plugins compatible for Editor in 0.61 ms, found 1 plugins.
Preloading 0 native plugins for Editor in 0.00 ms.
Mono: successfully reloaded assembly
- Completed reload, in  1.125 seconds
Platform modules already initialized, skipping
Refreshing native plugins compatible for Editor in 0.45 ms, found 1 plugins.
Preloading 0 native plugins for Editor in 0.00 ms.
Unloading 1851 Unused Serialized files (Serialized files now loaded: 0)
System memory in use before: 89.8 MB.
System memory in use after: 89.8 MB.

Unloading 13 unused Assets to reduce memory usage. Loaded Objects now: 2353.
Total: 2.391600 ms (FindLiveObjects: 0.194500 ms CreateObjectMapping: 0.077400 ms MarkObjects: 1.977500 ms  DeleteObjects: 0.140900 ms)

========================================================================
Received Prepare
Registering precompiled user dll's ...
Registered in 0.002056 seconds.
Begin MonoManager ReloadAssembly
Native extension for WindowsStandalone target not found
Native extension for OSXStandalone target not found
Native extension for WebGL target not found
Refreshing native plugins compatible for Editor in 0.46 ms, found 1 plugins.
Preloading 0 native plugins for Editor in 0.00 ms.
Mono: successfully reloaded assembly
- Completed reload, in  1.158 seconds
Platform modules already initialized, skipping
Refreshing native plugins compatible for Editor in 0.46 ms, found 1 plugins.
Preloading 0 native plugins for Editor in 0.00 ms.
Unloading 1851 Unused Serialized files (Serialized files now loaded: 0)
System memory in use before: 89.8 MB.
System memory in use after: 89.8 MB.

Unloading 13 unused Assets to reduce memory usage. Loaded Objects now: 2357.
Total: 2.336800 ms (FindLiveObjects: 0.191500 ms CreateObjectMapping: 0.084400 ms MarkObjects: 1.917200 ms  DeleteObjects: 0.142100 ms)

